<?xml version="1.0" encoding="UTF-8"?>
<testsuite name="ParamTests" tests="5" skipped="0" failures="0" errors="0" timestamp="2026-06-17T14:10:43.120Z" hostname="WIN-7KJJIU7E2G9" time="33.3">
  <properties/>
  <testcase name="Проверка связки логин-пароль: null null, ошибка Обязательное поле!" classname="ParamTests" time="7.65"/>
  <testcase name="Проверка связки логин-пароль: null @#456ASDgh, ошибка Обязательное поле!" classname="ParamTests" time="6.001"/>
  <testcase name="Проверка связки логин-пароль: 79000000000 123456ASDgh, ошибка Пользователь не найден" classname="ParamTests" time="5.752"/>
  <testcase name="Проверка связки логин-пароль: 79999999999 @#456ASDgh, ошибка Неправильный пароль" classname="ParamTests" time="7.874"/>
  <testcase name="Проверка связки логин-пароль: 79999999999 null, ошибка Обязательное поле!" classname="ParamTests" time="6.018"/>
  <system-out><![CDATA[]]></system-out>
  <system-err><![CDATA[SLF4J(W): No SLF4J providers were found.
SLF4J(W): Defaulting to no-operation (NOP) logger implementation
SLF4J(W): See https://www.slf4j.org/codes.html#noProviders for further details.
июн. 17, 2026 5:10:44 PM org.openqa.selenium.devtools.CdpVersionFinder findNearestMatch
WARNING: Unable to find CDP implementation matching 149
июн. 17, 2026 5:10:44 PM org.openqa.selenium.chromium.ChromiumDriver lambda$new$4
WARNING: Unable to find version of CDP to use for 149.0.7827.104. You may need to include a dependency on a specific version of the CDP using something similar to `org.seleniumhq.selenium:selenium-devtools-v86:4.34.0` where the version ("v86") matches the version of the chromium-based browser you're using and the version number of the artifact is the same as Selenium's.
июн. 17, 2026 5:10:51 PM org.openqa.selenium.devtools.CdpVersionFinder findNearestMatch
WARNING: Unable to find CDP implementation matching 149
июн. 17, 2026 5:10:51 PM org.openqa.selenium.chromium.ChromiumDriver lambda$new$4
WARNING: Unable to find version of CDP to use for 149.0.7827.104. You may need to include a dependency on a specific version of the CDP using something similar to `org.seleniumhq.selenium:selenium-devtools-v86:4.34.0` where the version ("v86") matches the version of the chromium-based browser you're using and the version number of the artifact is the same as Selenium's.
июн. 17, 2026 5:10:57 PM org.openqa.selenium.devtools.CdpVersionFinder findNearestMatch
WARNING: Unable to find CDP implementation matching 149
июн. 17, 2026 5:10:57 PM org.openqa.selenium.chromium.ChromiumDriver lambda$new$4
WARNING: Unable to find version of CDP to use for 149.0.7827.104. You may need to include a dependency on a specific version of the CDP using something similar to `org.seleniumhq.selenium:selenium-devtools-v86:4.34.0` where the version ("v86") matches the version of the chromium-based browser you're using and the version number of the artifact is the same as Selenium's.
июн. 17, 2026 5:11:03 PM org.openqa.selenium.devtools.CdpVersionFinder findNearestMatch
WARNING: Unable to find CDP implementation matching 149
июн. 17, 2026 5:11:03 PM org.openqa.selenium.chromium.ChromiumDriver lambda$new$4
WARNING: Unable to find version of CDP to use for 149.0.7827.104. You may need to include a dependency on a specific version of the CDP using something similar to `org.seleniumhq.selenium:selenium-devtools-v86:4.34.0` where the version ("v86") matches the version of the chromium-based browser you're using and the version number of the artifact is the same as Selenium's.
июн. 17, 2026 5:11:10 PM org.openqa.selenium.devtools.CdpVersionFinder findNearestMatch
WARNING: Unable to find CDP implementation matching 149
июн. 17, 2026 5:11:10 PM org.openqa.selenium.chromium.ChromiumDriver lambda$new$4
WARNING: Unable to find version of CDP to use for 149.0.7827.104. You may need to include a dependency on a specific version of the CDP using something similar to `org.seleniumhq.selenium:selenium-devtools-v86:4.34.0` where the version ("v86") matches the version of the chromium-based browser you're using and the version number of the artifact is the same as Selenium's.
]]></system-err>
</testsuite>
